
					DATA RECEIVED
					SOURCE:	Fiji
					DEST:	Australia
					IN LINK:	1
					SEQ NO:	0
					DATA:	
					LENGTH:	17625

ACK TRANSMITTED
VIA LINK:	1
SEQ NO:	0


					DATA RECEIVED
					SOURCE:	Fiji
					DEST:	Australia
					IN LINK:	1
					SEQ NO:	1
					DATA:	
					LENGTH:	4866

ACK TRANSMITTED
VIA LINK:	1
SEQ NO:	1


					DATA RECEIVED
					SOURCE:	Fiji
					DEST:	Singapore
					IN LINK:	1
					SEQ NO:	2
					DATA:	
					LENGTH:	25847
					FORWARDING FRAME VIA LINK 3

ACK TRANSMITTED
VIA LINK:	1
SEQ NO:	2

DATA TRANSMITTED
TO:	Singapore
VIA LINK:	3
SEQ NO:	0

WINDOW: [0|0|0|0|0]
WINDOW LENGTH:	[0|1] = 1
BUFFER LENGTH:	[0|0] = 0


					DATA RECEIVED
					SOURCE:	Fiji
					DEST:	Malaysia
					IN LINK:	1
					SEQ NO:	3
					DATA:	
					LENGTH:	14991
					FORWARDING FRAME VIA LINK 3

ACK TRANSMITTED
VIA LINK:	1
SEQ NO:	3

DATA TRANSMITTED
TO:	Malaysia
VIA LINK:	3
SEQ NO:	1

WINDOW: [0|1|0|0|0]
WINDOW LENGTH:	[0|2] = 2
BUFFER LENGTH:	[0|0] = 0


					ACK RECEIVED
					IN LINK:3
					SEQ NO:	0
WINDOW: [0|1|0|0|0]
WINDOW LENGTH:	[1|2] = 1
BUFFER LENGTH:	[0|0] = 0

DATA TRANSMITTED
TO:	Fiji
VIA LINK:	1
SEQ NO:	0

WINDOW: [0|0|0|0|0]
WINDOW LENGTH:	[0|1] = 1
BUFFER LENGTH:	[0|0] = 0


					ACK RECEIVED
					IN LINK:3
					SEQ NO:	1
WINDOW: [0|1|0|0|0]
WINDOW LENGTH:	[2|2] = 0
BUFFER LENGTH:	[0|0] = 0


					DATA RECEIVED
					SOURCE:	Fiji
					DEST:	Brunei
					IN LINK:	1
					SEQ NO:	4
					DATA:	
					LENGTH:	14494
					FORWARDING FRAME VIA LINK 3

ACK TRANSMITTED
VIA LINK:	1
SEQ NO:	4

DATA TRANSMITTED
TO:	Brunei
VIA LINK:	3
SEQ NO:	2

WINDOW: [0|1|2|0|0]
WINDOW LENGTH:	[2|3] = 1
BUFFER LENGTH:	[0|0] = 0


					ACK RECEIVED
					IN LINK:1
					SEQ NO:	0
WINDOW: [0|0|0|0|0]
WINDOW LENGTH:	[1|1] = 0
BUFFER LENGTH:	[0|0] = 0

DATA TRANSMITTED
TO:	Singapore
VIA LINK:	3
SEQ NO:	3

WINDOW: [0|1|2|3|0]
WINDOW LENGTH:	[2|4] = 2
BUFFER LENGTH:	[0|0] = 0

DATA TRANSMITTED
TO:	Brunei
VIA LINK:	3
SEQ NO:	4

WINDOW: [0|1|2|3|4]
WINDOW LENGTH:	[2|0] = 3
BUFFER LENGTH:	[0|0] = 0


					DATA RECEIVED
					SOURCE:	Fiji
					DEST:	Malaysia
					IN LINK:	1
					SEQ NO:	0
					DATA:	
					LENGTH:	7005
					FORWARDING FRAME VIA LINK 3

ACK TRANSMITTED
VIA LINK:	1
SEQ NO:	0

DATA TRANSMITTED
TO:	Malaysia
VIA LINK:	3
SEQ NO:	0

					DISABLED APPLICATION
					DISABLED APPLICATION
					DISABLED APPLICATION
					DISABLED APPLICATION
WINDOW: [0|1|2|3|4]
WINDOW LENGTH:	[2|1] = 4
BUFFER LENGTH:	[0|0] = 0


					DATA RECEIVED
					SOURCE:	Fiji
					DEST:	Brunei
					IN LINK:	1
					SEQ NO:	1
					DATA:	
					LENGTH:	18250
					FORWARDING FRAME VIA LINK 3

ACK TRANSMITTED
VIA LINK:	1
SEQ NO:	1

					ADDED TO BUFFER
					DISABLED APPLICATION
					DISABLED APPLICATION
					DISABLED APPLICATION
					DISABLED APPLICATION
WINDOW: [0|1|2|3|4]
WINDOW LENGTH:	[2|1] = 4
BUFFER LENGTH:	[0|1] = 1


					ACK RECEIVED
					IN LINK:3
					SEQ NO:	2
					SENDING FRAME FROM BUFFER
DATA TRANSMITTED
TO:	Brunei
VIA LINK:	3
SEQ NO:	1

WINDOW: [0|1|2|3|4]
WINDOW LENGTH:	[3|2] = 4
BUFFER LENGTH:	[1|1] = 0

DATA TRANSMITTED
TO:	Fiji
VIA LINK:	1
SEQ NO:	1

WINDOW: [0|1|0|0|0]
WINDOW LENGTH:	[1|2] = 1
BUFFER LENGTH:	[0|0] = 0


					ACK RECEIVED
					IN LINK:3
					SEQ NO:	3
WINDOW: [0|1|2|3|4]
WINDOW LENGTH:	[4|2] = 3
BUFFER LENGTH:	[1|1] = 0

