
					DATA RECEIVED
					SOURCE:	New Zealand
					DEST:	Brunei
					IN LINK:	1
					SEQ NO:	0
					DATA:	
					LENGTH:	22114
					FORWARDING FRAME VIA LINK 4

ACK TRANSMITTED
VIA LINK:	1
SEQ NO:	0

DATA TRANSMITTED
TO:	Brunei
VIA LINK:	4
SEQ NO:	0

WINDOW: [0|0|0|0|0]
WINDOW LENGTH:	[0|1] = 1
BUFFER LENGTH:	[0|0] = 0


					ACK RECEIVED
					IN LINK:4
					SEQ NO:	0
WINDOW: [0|0|0|0|0]
WINDOW LENGTH:	[1|1] = 0
BUFFER LENGTH:	[0|0] = 0


					DATA RECEIVED
					SOURCE:	New Zealand
					DEST:	Brunei
					IN LINK:	1
					SEQ NO:	1
					DATA:	
					LENGTH:	12636
					FORWARDING FRAME VIA LINK 4

ACK TRANSMITTED
VIA LINK:	1
SEQ NO:	1

DATA TRANSMITTED
TO:	Brunei
VIA LINK:	4
SEQ NO:	1

WINDOW: [0|1|0|0|0]
WINDOW LENGTH:	[1|2] = 1
BUFFER LENGTH:	[0|0] = 0


					ACK RECEIVED
					IN LINK:4
					SEQ NO:	1
WINDOW: [0|1|0|0|0]
WINDOW LENGTH:	[2|2] = 0
BUFFER LENGTH:	[0|0] = 0


					DATA RECEIVED
					SOURCE:	New Zealand
					DEST:	Brunei
					IN LINK:	1
					SEQ NO:	2
					DATA:	
					LENGTH:	1135
					FORWARDING FRAME VIA LINK 4

ACK TRANSMITTED
VIA LINK:	1
SEQ NO:	2

DATA TRANSMITTED
TO:	Brunei
VIA LINK:	4
SEQ NO:	2

WINDOW: [0|1|2|0|0]
WINDOW LENGTH:	[2|3] = 1
BUFFER LENGTH:	[0|0] = 0


					ACK RECEIVED
					IN LINK:4
					SEQ NO:	2
WINDOW: [0|1|2|0|0]
WINDOW LENGTH:	[3|3] = 0
BUFFER LENGTH:	[0|0] = 0


					DATA RECEIVED
					SOURCE:	New Zealand
					DEST:	Brunei
					IN LINK:	1
					SEQ NO:	3
					DATA:	
					LENGTH:	14185
					FORWARDING FRAME VIA LINK 4

ACK TRANSMITTED
VIA LINK:	1
SEQ NO:	3

DATA TRANSMITTED
TO:	Brunei
VIA LINK:	4
SEQ NO:	3

WINDOW: [0|1|2|3|0]
WINDOW LENGTH:	[3|4] = 1
BUFFER LENGTH:	[0|0] = 0

