DATA TRANSMITTED
TO:	Brunei
VIA LINK:	1
SEQ NO:	0

WINDOW: [0|0|0|0|0]
WINDOW LENGTH:	[0|1] = 1
BUFFER LENGTH:	[0|0] = 0


					ACK RECEIVED
					IN LINK:1
					SEQ NO:	0
WINDOW: [0|0|0|0|0]
WINDOW LENGTH:	[1|1] = 0
BUFFER LENGTH:	[0|0] = 0

DATA TRANSMITTED
TO:	Brunei
VIA LINK:	1
SEQ NO:	1

WINDOW: [0|1|0|0|0]
WINDOW LENGTH:	[1|2] = 1
BUFFER LENGTH:	[0|0] = 0


					ACK RECEIVED
					IN LINK:1
					SEQ NO:	1
WINDOW: [0|1|0|0|0]
WINDOW LENGTH:	[2|2] = 0
BUFFER LENGTH:	[0|0] = 0

DATA TRANSMITTED
TO:	Brunei
VIA LINK:	1
SEQ NO:	2

WINDOW: [0|1|2|0|0]
WINDOW LENGTH:	[2|3] = 1
BUFFER LENGTH:	[0|0] = 0


					ACK RECEIVED
					IN LINK:1
					SEQ NO:	2
WINDOW: [0|1|2|0|0]
WINDOW LENGTH:	[3|3] = 0
BUFFER LENGTH:	[0|0] = 0

DATA TRANSMITTED
TO:	Brunei
VIA LINK:	1
SEQ NO:	3

WINDOW: [0|1|2|3|0]
WINDOW LENGTH:	[3|4] = 1
BUFFER LENGTH:	[0|0] = 0


					ACK RECEIVED
					IN LINK:1
					SEQ NO:	3
WINDOW: [0|1|2|3|0]
WINDOW LENGTH:	[4|4] = 0
BUFFER LENGTH:	[0|0] = 0

DATA TRANSMITTED
TO:	Brunei
VIA LINK:	1
SEQ NO:	4

WINDOW: [0|1|2|3|4]
WINDOW LENGTH:	[4|0] = 1
BUFFER LENGTH:	[0|0] = 0

